#Build: Fabric Compiler 2022.2-SP1-Lite, Build 132640, Aug 18 15:10 2023
#Install: G:\fpga\pango\PDS_2022.2-SP1-Lite\bin
#Application name: pds.exe
#OS: Windows 10 10.0.22635
#Hostname: LAPTOP-RIOH3PN4
Generated by Fabric Compiler (version 2022.2-SP1-Lite build 132640) at Mon Oct 23 12:37:21 2023
Parse module hierarchy of project 'C:/Users/15215/Desktop/fpga-race/fpga-race/race/temp_projects/Main_Flow/Main_Flow.pds' (TEXT Parser)
File "C:/Users/15215/Desktop/fpga-race/fpga-race/race/source/main.v" has been added to project successfully. 
Parse module hierarchy of project 'C:/Users/15215/Desktop/fpga-race/fpga-race/race/temp_projects/Main_Flow/Main_Flow.pds' (ADS Parser)
E: Top module resolving failed.
Parse module hierarchy of project 'C:/Users/15215/Desktop/fpga-race/fpga-race/race/temp_projects/Main_Flow/Main_Flow.pds' (ADS Parser)
I: Flow-6004: Design file modified: "C:/Users/15215/Desktop/fpga-race/fpga-race/race/source/main.v". 
E: Top module resolving failed.
Parse module hierarchy of project 'C:/Users/15215/Desktop/fpga-race/fpga-race/race/temp_projects/Main_Flow/Main_Flow.pds' (ADS Parser)
I: Flow-6004: Design file modified: "C:/Users/15215/Desktop/fpga-race/fpga-race/race/source/main.v". 
Parse module hierarchy of project 'C:/Users/15215/Desktop/fpga-race/fpga-race/race/temp_projects/Main_Flow/Main_Flow.pds' (ADS Parser)
I: Flow-6004: Design file modified: "C:/Users/15215/Desktop/fpga-race/fpga-race/race/source/main.v". 
Parse module hierarchy of project 'C:/Users/15215/Desktop/fpga-race/fpga-race/race/temp_projects/Main_Flow/Main_Flow.pds' (ADS Parser)
I: Flow-6004: Design file modified: "C:/Users/15215/Desktop/fpga-race/fpga-race/race/source/main.v". 
Parse module hierarchy of project 'C:/Users/15215/Desktop/fpga-race/fpga-race/race/temp_projects/Main_Flow/Main_Flow.pds' (ADS Parser)
I: Flow-6004: Design file modified: "C:/Users/15215/Desktop/fpga-race/fpga-race/race/source/main.v". 
Parse module hierarchy of project 'C:/Users/15215/Desktop/fpga-race/fpga-race/race/temp_projects/Main_Flow/Main_Flow.pds' (ADS Parser)
I: Flow-6004: Design file modified: "C:/Users/15215/Desktop/fpga-race/fpga-race/race/source/main.v". 
Parse module hierarchy of project 'C:/Users/15215/Desktop/fpga-race/fpga-race/race/temp_projects/Main_Flow/Main_Flow.pds' (ADS Parser)
I: Flow-6004: Design file modified: "C:/Users/15215/Desktop/fpga-race/fpga-race/race/source/main.v". 
Parse module hierarchy of project 'C:/Users/15215/Desktop/fpga-race/fpga-race/race/temp_projects/Main_Flow/Main_Flow.pds' (ADS Parser)
I: Flow-6004: Design file modified: "C:/Users/15215/Desktop/fpga-race/fpga-race/race/source/main.v". 
Parse module hierarchy of project 'C:/Users/15215/Desktop/fpga-race/fpga-race/race/temp_projects/Main_Flow/Main_Flow.pds' (ADS Parser)
I: Flow-6004: Design file modified: "C:/Users/15215/Desktop/fpga-race/fpga-race/race/source/main.v". 
Parse module hierarchy of project 'C:/Users/15215/Desktop/fpga-race/fpga-race/race/temp_projects/Main_Flow/Main_Flow.pds' (ADS Parser)
I: Flow-6004: Design file modified: "C:/Users/15215/Desktop/fpga-race/fpga-race/race/source/main.v". 
E: Top module resolving failed.
Parse module hierarchy of project 'C:/Users/15215/Desktop/fpga-race/fpga-race/race/temp_projects/Main_Flow/Main_Flow.pds' (ADS Parser)
I: Flow-6004: Design file modified: "C:/Users/15215/Desktop/fpga-race/fpga-race/race/source/main.v". 
Parse module hierarchy of project 'C:/Users/15215/Desktop/fpga-race/fpga-race/race/temp_projects/Main_Flow/Main_Flow.pds' (ADS Parser)
I: Flow-6004: Design file modified: "C:/Users/15215/Desktop/fpga-race/fpga-race/race/source/main.v". 
Parse module hierarchy of project 'C:/Users/15215/Desktop/fpga-race/fpga-race/race/temp_projects/Main_Flow/Main_Flow.pds' (ADS Parser)
I: Flow-6004: Design file modified: "C:/Users/15215/Desktop/fpga-race/fpga-race/race/source/main.v". 
Parse module hierarchy of project 'C:/Users/15215/Desktop/fpga-race/fpga-race/race/temp_projects/Main_Flow/Main_Flow.pds' (ADS Parser)
I: Flow-6004: Design file modified: "C:/Users/15215/Desktop/fpga-race/fpga-race/race/source/main.v". 
Parse module hierarchy of project 'C:/Users/15215/Desktop/fpga-race/fpga-race/race/temp_projects/Main_Flow/Main_Flow.pds' (ADS Parser)
I: Flow-6004: Design file modified: "C:/Users/15215/Desktop/fpga-race/fpga-race/race/source/main.v". 
Parse module hierarchy of project 'C:/Users/15215/Desktop/fpga-race/fpga-race/race/temp_projects/Main_Flow/Main_Flow.pds' (ADS Parser)
I: Flow-6004: Design file modified: "C:/Users/15215/Desktop/fpga-race/fpga-race/race/source/main.v". 
Parse module hierarchy of project 'C:/Users/15215/Desktop/fpga-race/fpga-race/race/temp_projects/Main_Flow/Main_Flow.pds' (ADS Parser)
I: Flow-6004: Design file modified: "C:/Users/15215/Desktop/fpga-race/fpga-race/race/source/main.v". 
E: Top module resolving failed.
Parse module hierarchy of project 'C:/Users/15215/Desktop/fpga-race/fpga-race/race/temp_projects/Main_Flow/Main_Flow.pds' (ADS Parser)
I: Flow-6004: Design file modified: "C:/Users/15215/Desktop/fpga-race/fpga-race/race/source/main.v". 
Parse module hierarchy of project 'C:/Users/15215/Desktop/fpga-race/fpga-race/race/temp_projects/Main_Flow/Main_Flow.pds' (ADS Parser)
I: Flow-6004: Design file modified: "C:/Users/15215/Desktop/fpga-race/fpga-race/race/source/main.v". 
Parse module hierarchy of project 'C:/Users/15215/Desktop/fpga-race/fpga-race/race/temp_projects/Main_Flow/Main_Flow.pds' (ADS Parser)
I: Flow-6004: Design file modified: "C:/Users/15215/Desktop/fpga-race/fpga-race/race/source/main.v". 
Parse module hierarchy of project 'C:/Users/15215/Desktop/fpga-race/fpga-race/race/temp_projects/Main_Flow/Main_Flow.pds' (ADS Parser)
I: Flow-6004: Design file modified: "C:/Users/15215/Desktop/fpga-race/fpga-race/race/source/main.v". 
Parse module hierarchy of project 'C:/Users/15215/Desktop/fpga-race/fpga-race/race/temp_projects/Main_Flow/Main_Flow.pds' (ADS Parser)
I: Flow-6004: Design file modified: "C:/Users/15215/Desktop/fpga-race/fpga-race/race/source/main.v". 
Parse module hierarchy of project 'C:/Users/15215/Desktop/fpga-race/fpga-race/race/temp_projects/Main_Flow/Main_Flow.pds' (ADS Parser)
I: Flow-6004: Design file modified: "C:/Users/15215/Desktop/fpga-race/fpga-race/race/source/main.v". 
Parse module hierarchy of project 'C:/Users/15215/Desktop/fpga-race/fpga-race/race/temp_projects/Main_Flow/Main_Flow.pds' (ADS Parser)
I: Flow-6004: Design file modified: "C:/Users/15215/Desktop/fpga-race/fpga-race/race/source/main.v". 
Parse module hierarchy of project 'C:/Users/15215/Desktop/fpga-race/fpga-race/race/temp_projects/Main_Flow/Main_Flow.pds' (ADS Parser)
I: Flow-6004: Design file modified: "C:/Users/15215/Desktop/fpga-race/fpga-race/race/source/main.v". 
Parse module hierarchy of project 'C:/Users/15215/Desktop/fpga-race/fpga-race/race/temp_projects/Main_Flow/Main_Flow.pds' (ADS Parser)
I: Flow-6004: Design file modified: "C:/Users/15215/Desktop/fpga-race/fpga-race/race/source/main.v". 
Parse module hierarchy of project 'C:/Users/15215/Desktop/fpga-race/fpga-race/race/temp_projects/Main_Flow/Main_Flow.pds' (ADS Parser)
I: Flow-6004: Design file modified: "C:/Users/15215/Desktop/fpga-race/fpga-race/race/source/main.v". 
Parse module hierarchy of project 'C:/Users/15215/Desktop/fpga-race/fpga-race/race/temp_projects/Main_Flow/Main_Flow.pds' (ADS Parser)
I: Flow-6004: Design file modified: "C:/Users/15215/Desktop/fpga-race/fpga-race/race/source/main.v". 
Parse module hierarchy of project 'C:/Users/15215/Desktop/fpga-race/fpga-race/race/temp_projects/Main_Flow/Main_Flow.pds' (ADS Parser)
I: Flow-6004: Design file modified: "C:/Users/15215/Desktop/fpga-race/fpga-race/race/source/main.v". 
Parse module hierarchy of project 'C:/Users/15215/Desktop/fpga-race/fpga-race/race/temp_projects/Main_Flow/Main_Flow.pds' (ADS Parser)
I: Flow-6004: Design file modified: "C:/Users/15215/Desktop/fpga-race/fpga-race/race/source/main.v". 
Parse module hierarchy of project 'C:/Users/15215/Desktop/fpga-race/fpga-race/race/temp_projects/Main_Flow/Main_Flow.pds' (ADS Parser)
I: Flow-6004: Design file modified: "C:/Users/15215/Desktop/fpga-race/fpga-race/race/source/main.v". 
Parse module hierarchy of project 'C:/Users/15215/Desktop/fpga-race/fpga-race/race/temp_projects/Main_Flow/Main_Flow.pds' (ADS Parser)
I: Flow-6004: Design file modified: "C:/Users/15215/Desktop/fpga-race/fpga-race/race/source/main.v". 
Parse module hierarchy of project 'C:/Users/15215/Desktop/fpga-race/fpga-race/race/temp_projects/Main_Flow/Main_Flow.pds' (ADS Parser)
I: Flow-6004: Design file modified: "C:/Users/15215/Desktop/fpga-race/fpga-race/race/source/main.v". 
Parse module hierarchy of project 'C:/Users/15215/Desktop/fpga-race/fpga-race/race/temp_projects/Main_Flow/Main_Flow.pds' (ADS Parser)
I: Flow-6004: Design file modified: "C:/Users/15215/Desktop/fpga-race/fpga-race/race/source/main.v". 
Parse module hierarchy of project 'C:/Users/15215/Desktop/fpga-race/fpga-race/race/temp_projects/Main_Flow/Main_Flow.pds' (ADS Parser)
I: Flow-6004: Design file modified: "C:/Users/15215/Desktop/fpga-race/fpga-race/race/source/main.v". 
Parse module hierarchy of project 'C:/Users/15215/Desktop/fpga-race/fpga-race/race/temp_projects/Main_Flow/Main_Flow.pds' (ADS Parser)
I: Flow-6004: Design file modified: "C:/Users/15215/Desktop/fpga-race/fpga-race/race/source/main.v". 
Parse module hierarchy of project 'C:/Users/15215/Desktop/fpga-race/fpga-race/race/temp_projects/Main_Flow/Main_Flow.pds' (ADS Parser)
I: Flow-6004: Design file modified: "C:/Users/15215/Desktop/fpga-race/fpga-race/race/source/main.v". 
Parse module hierarchy of project 'C:/Users/15215/Desktop/fpga-race/fpga-race/race/temp_projects/Main_Flow/Main_Flow.pds' (ADS Parser)
I: Flow-6004: Design file modified: "C:/Users/15215/Desktop/fpga-race/fpga-race/race/source/main.v". 
Parse module hierarchy of project 'C:/Users/15215/Desktop/fpga-race/fpga-race/race/temp_projects/Main_Flow/Main_Flow.pds' (ADS Parser)
I: Flow-6004: Design file modified: "C:/Users/15215/Desktop/fpga-race/fpga-race/race/source/main.v". 
Parse module hierarchy of project 'C:/Users/15215/Desktop/fpga-race/fpga-race/race/temp_projects/Main_Flow/Main_Flow.pds' (ADS Parser)
I: Flow-6004: Design file modified: "C:/Users/15215/Desktop/fpga-race/fpga-race/race/source/main.v". 
Parse module hierarchy of project 'C:/Users/15215/Desktop/fpga-race/fpga-race/race/temp_projects/Main_Flow/Main_Flow.pds' (ADS Parser)
I: Flow-6004: Design file modified: "C:/Users/15215/Desktop/fpga-race/fpga-race/race/source/main.v". 
Parse module hierarchy of project 'C:/Users/15215/Desktop/fpga-race/fpga-race/race/temp_projects/Main_Flow/Main_Flow.pds' (ADS Parser)
I: Flow-6004: Design file modified: "C:/Users/15215/Desktop/fpga-race/fpga-race/race/source/main.v". 
Parse module hierarchy of project 'C:/Users/15215/Desktop/fpga-race/fpga-race/race/temp_projects/Main_Flow/Main_Flow.pds' (ADS Parser)
I: Flow-6004: Design file modified: "C:/Users/15215/Desktop/fpga-race/fpga-race/race/source/main.v". 
Parse module hierarchy of project 'C:/Users/15215/Desktop/fpga-race/fpga-race/race/temp_projects/Main_Flow/Main_Flow.pds' (ADS Parser)
I: Flow-6004: Design file modified: "C:/Users/15215/Desktop/fpga-race/fpga-race/race/source/main.v". 
Parse module hierarchy of project 'C:/Users/15215/Desktop/fpga-race/fpga-race/race/temp_projects/Main_Flow/Main_Flow.pds' (ADS Parser)
I: Flow-6004: Design file modified: "C:/Users/15215/Desktop/fpga-race/fpga-race/race/source/main.v". 
Parse module hierarchy of project 'C:/Users/15215/Desktop/fpga-race/fpga-race/race/temp_projects/Main_Flow/Main_Flow.pds' (ADS Parser)
I: Flow-6004: Design file modified: "C:/Users/15215/Desktop/fpga-race/fpga-race/race/source/main.v". 
Parse module hierarchy of project 'C:/Users/15215/Desktop/fpga-race/fpga-race/race/temp_projects/Main_Flow/Main_Flow.pds' (ADS Parser)
I: Flow-6004: Design file modified: "C:/Users/15215/Desktop/fpga-race/fpga-race/race/source/main.v". 
Parse module hierarchy of project 'C:/Users/15215/Desktop/fpga-race/fpga-race/race/temp_projects/Main_Flow/Main_Flow.pds' (ADS Parser)
I: Flow-6004: Design file modified: "C:/Users/15215/Desktop/fpga-race/fpga-race/race/source/main.v". 
Parse module hierarchy of project 'C:/Users/15215/Desktop/fpga-race/fpga-race/race/temp_projects/Main_Flow/Main_Flow.pds' (ADS Parser)
I: Flow-6004: Design file modified: "C:/Users/15215/Desktop/fpga-race/fpga-race/race/source/main.v". 
Parse module hierarchy of project 'C:/Users/15215/Desktop/fpga-race/fpga-race/race/temp_projects/Main_Flow/Main_Flow.pds' (ADS Parser)
I: Flow-6004: Design file modified: "C:/Users/15215/Desktop/fpga-race/fpga-race/race/source/main.v". 
Parse module hierarchy of project 'C:/Users/15215/Desktop/fpga-race/fpga-race/race/temp_projects/Main_Flow/Main_Flow.pds' (ADS Parser)
I: Flow-6004: Design file modified: "C:/Users/15215/Desktop/fpga-race/fpga-race/race/source/main.v". 
Parse module hierarchy of project 'C:/Users/15215/Desktop/fpga-race/fpga-race/race/temp_projects/Main_Flow/Main_Flow.pds' (ADS Parser)
I: Flow-6004: Design file modified: "C:/Users/15215/Desktop/fpga-race/fpga-race/race/source/main.v". 
Parse module hierarchy of project 'C:/Users/15215/Desktop/fpga-race/fpga-race/race/temp_projects/Main_Flow/Main_Flow.pds' (ADS Parser)
I: Flow-6004: Design file modified: "C:/Users/15215/Desktop/fpga-race/fpga-race/race/source/main.v". 
Parse module hierarchy of project 'C:/Users/15215/Desktop/fpga-race/fpga-race/race/temp_projects/Main_Flow/Main_Flow.pds' (ADS Parser)
I: Flow-6004: Design file modified: "C:/Users/15215/Desktop/fpga-race/fpga-race/race/source/main.v". 
Parse module hierarchy of project 'C:/Users/15215/Desktop/fpga-race/fpga-race/race/temp_projects/Main_Flow/Main_Flow.pds' (ADS Parser)
I: Flow-6004: Design file modified: "C:/Users/15215/Desktop/fpga-race/fpga-race/race/source/main.v". 
Parse module hierarchy of project 'C:/Users/15215/Desktop/fpga-race/fpga-race/race/temp_projects/Main_Flow/Main_Flow.pds' (ADS Parser)
I: Flow-6004: Design file modified: "C:/Users/15215/Desktop/fpga-race/fpga-race/race/source/main.v". 
Parse module hierarchy of project 'C:/Users/15215/Desktop/fpga-race/fpga-race/race/temp_projects/Main_Flow/Main_Flow.pds' (ADS Parser)
I: Flow-6004: Design file modified: "C:/Users/15215/Desktop/fpga-race/fpga-race/race/source/main.v". 
Parse module hierarchy of project 'C:/Users/15215/Desktop/fpga-race/fpga-race/race/temp_projects/Main_Flow/Main_Flow.pds' (ADS Parser)
I: Flow-6004: Design file modified: "C:/Users/15215/Desktop/fpga-race/fpga-race/race/source/main.v". 
Parse module hierarchy of project 'C:/Users/15215/Desktop/fpga-race/fpga-race/race/temp_projects/Main_Flow/Main_Flow.pds' (ADS Parser)
I: Flow-6004: Design file modified: "C:/Users/15215/Desktop/fpga-race/fpga-race/race/source/main.v". 
Parse module hierarchy of project 'C:/Users/15215/Desktop/fpga-race/fpga-race/race/temp_projects/Main_Flow/Main_Flow.pds' (ADS Parser)
I: Flow-6004: Design file modified: "C:/Users/15215/Desktop/fpga-race/fpga-race/race/source/main.v". 
Parse module hierarchy of project 'C:/Users/15215/Desktop/fpga-race/fpga-race/race/temp_projects/Main_Flow/Main_Flow.pds' (ADS Parser)
I: Flow-6004: Design file modified: "C:/Users/15215/Desktop/fpga-race/fpga-race/race/source/main.v". 
Parse module hierarchy of project 'C:/Users/15215/Desktop/fpga-race/fpga-race/race/temp_projects/Main_Flow/Main_Flow.pds' (ADS Parser)
I: Flow-6004: Design file modified: "C:/Users/15215/Desktop/fpga-race/fpga-race/race/source/main.v". 
Parse module hierarchy of project 'C:/Users/15215/Desktop/fpga-race/fpga-race/race/temp_projects/Main_Flow/Main_Flow.pds' (ADS Parser)
I: Flow-6004: Design file modified: "C:/Users/15215/Desktop/fpga-race/fpga-race/race/source/main.v". 
Parse module hierarchy of project 'C:/Users/15215/Desktop/fpga-race/fpga-race/race/temp_projects/Main_Flow/Main_Flow.pds' (ADS Parser)
I: Flow-6004: Design file modified: "C:/Users/15215/Desktop/fpga-race/fpga-race/race/source/main.v". 
Parse module hierarchy of project 'C:/Users/15215/Desktop/fpga-race/fpga-race/race/temp_projects/Main_Flow/Main_Flow.pds' (ADS Parser)
I: Flow-6004: Design file modified: "C:/Users/15215/Desktop/fpga-race/fpga-race/race/source/main.v". 
Parse module hierarchy of project 'C:/Users/15215/Desktop/fpga-race/fpga-race/race/temp_projects/Main_Flow/Main_Flow.pds' (ADS Parser)
I: Flow-6004: Design file modified: "C:/Users/15215/Desktop/fpga-race/fpga-race/race/source/main.v". 
Parse module hierarchy of project 'C:/Users/15215/Desktop/fpga-race/fpga-race/race/temp_projects/Main_Flow/Main_Flow.pds' (ADS Parser)
I: Flow-6004: Design file modified: "C:/Users/15215/Desktop/fpga-race/fpga-race/race/source/main.v". 
Parse module hierarchy of project 'C:/Users/15215/Desktop/fpga-race/fpga-race/race/temp_projects/Main_Flow/Main_Flow.pds' (ADS Parser)
I: Flow-6004: Design file modified: "C:/Users/15215/Desktop/fpga-race/fpga-race/race/source/main.v". 
Parse module hierarchy of project 'C:/Users/15215/Desktop/fpga-race/fpga-race/race/temp_projects/Main_Flow/Main_Flow.pds' (ADS Parser)
I: Flow-6004: Design file modified: "C:/Users/15215/Desktop/fpga-race/fpga-race/race/source/main.v". 
Parse module hierarchy of project 'C:/Users/15215/Desktop/fpga-race/fpga-race/race/temp_projects/Main_Flow/Main_Flow.pds' (ADS Parser)
I: Flow-6004: Design file modified: "C:/Users/15215/Desktop/fpga-race/fpga-race/race/source/main.v". 
Parse module hierarchy of project 'C:/Users/15215/Desktop/fpga-race/fpga-race/race/temp_projects/Main_Flow/Main_Flow.pds' (ADS Parser)
I: Flow-6004: Design file modified: "C:/Users/15215/Desktop/fpga-race/fpga-race/race/source/main.v". 
Parse module hierarchy of project 'C:/Users/15215/Desktop/fpga-race/fpga-race/race/temp_projects/Main_Flow/Main_Flow.pds' (ADS Parser)
I: Flow-6004: Design file modified: "C:/Users/15215/Desktop/fpga-race/fpga-race/race/source/main.v". 
Parse module hierarchy of project 'C:/Users/15215/Desktop/fpga-race/fpga-race/race/temp_projects/Main_Flow/Main_Flow.pds' (ADS Parser)
I: Flow-6004: Design file modified: "C:/Users/15215/Desktop/fpga-race/fpga-race/race/source/main.v". 
Parse module hierarchy of project 'C:/Users/15215/Desktop/fpga-race/fpga-race/race/temp_projects/Main_Flow/Main_Flow.pds' (ADS Parser)
I: Flow-6004: Design file modified: "C:/Users/15215/Desktop/fpga-race/fpga-race/race/source/main.v". 
Parse module hierarchy of project 'C:/Users/15215/Desktop/fpga-race/fpga-race/race/temp_projects/Main_Flow/Main_Flow.pds' (ADS Parser)
I: Flow-6004: Design file modified: "C:/Users/15215/Desktop/fpga-race/fpga-race/race/source/main.v". 
Parse module hierarchy of project 'C:/Users/15215/Desktop/fpga-race/fpga-race/race/temp_projects/Main_Flow/Main_Flow.pds' (ADS Parser)
I: Flow-6004: Design file modified: "C:/Users/15215/Desktop/fpga-race/fpga-race/race/source/main.v". 
Parse module hierarchy of project 'C:/Users/15215/Desktop/fpga-race/fpga-race/race/temp_projects/Main_Flow/Main_Flow.pds' (ADS Parser)
I: Flow-6004: Design file modified: "C:/Users/15215/Desktop/fpga-race/fpga-race/race/source/main.v". 
Parse module hierarchy of project 'C:/Users/15215/Desktop/fpga-race/fpga-race/race/temp_projects/Main_Flow/Main_Flow.pds' (ADS Parser)
I: Flow-6004: Design file modified: "C:/Users/15215/Desktop/fpga-race/fpga-race/race/source/main.v". 
Parse module hierarchy of project 'C:/Users/15215/Desktop/fpga-race/fpga-race/race/temp_projects/Main_Flow/Main_Flow.pds' (ADS Parser)
I: Flow-6004: Design file modified: "C:/Users/15215/Desktop/fpga-race/fpga-race/race/source/main.v". 
Parse module hierarchy of project 'C:/Users/15215/Desktop/fpga-race/fpga-race/race/temp_projects/Main_Flow/Main_Flow.pds' (ADS Parser)
I: Flow-6004: Design file modified: "C:/Users/15215/Desktop/fpga-race/fpga-race/race/source/main.v". 
Parse module hierarchy of project 'C:/Users/15215/Desktop/fpga-race/fpga-race/race/temp_projects/Main_Flow/Main_Flow.pds' (ADS Parser)
I: Flow-6004: Design file modified: "C:/Users/15215/Desktop/fpga-race/fpga-race/race/source/main.v". 
Parse module hierarchy of project 'C:/Users/15215/Desktop/fpga-race/fpga-race/race/temp_projects/Main_Flow/Main_Flow.pds' (ADS Parser)
I: Flow-6004: Design file modified: "C:/Users/15215/Desktop/fpga-race/fpga-race/race/source/main.v". 
Parse module hierarchy of project 'C:/Users/15215/Desktop/fpga-race/fpga-race/race/temp_projects/Main_Flow/Main_Flow.pds' (ADS Parser)
I: Flow-6004: Design file modified: "C:/Users/15215/Desktop/fpga-race/fpga-race/race/source/main.v". 
Parse module hierarchy of project 'C:/Users/15215/Desktop/fpga-race/fpga-race/race/temp_projects/Main_Flow/Main_Flow.pds' (ADS Parser)
I: Flow-6004: Design file modified: "C:/Users/15215/Desktop/fpga-race/fpga-race/race/source/main.v". 
Parse module hierarchy of project 'C:/Users/15215/Desktop/fpga-race/fpga-race/race/temp_projects/Main_Flow/Main_Flow.pds' (ADS Parser)
I: Flow-6004: Design file modified: "C:/Users/15215/Desktop/fpga-race/fpga-race/race/source/main.v". 
Parse module hierarchy of project 'C:/Users/15215/Desktop/fpga-race/fpga-race/race/temp_projects/Main_Flow/Main_Flow.pds' (ADS Parser)
I: Flow-6004: Design file modified: "C:/Users/15215/Desktop/fpga-race/fpga-race/race/source/main.v". 
Parse module hierarchy of project 'C:/Users/15215/Desktop/fpga-race/fpga-race/race/temp_projects/Main_Flow/Main_Flow.pds' (ADS Parser)
I: Flow-6004: Design file modified: "C:/Users/15215/Desktop/fpga-race/fpga-race/race/source/main.v". 
Parse module hierarchy of project 'C:/Users/15215/Desktop/fpga-race/fpga-race/race/temp_projects/Main_Flow/Main_Flow.pds' (ADS Parser)
I: Flow-6004: Design file modified: "C:/Users/15215/Desktop/fpga-race/fpga-race/race/source/main.v". 
Parse module hierarchy of project 'C:/Users/15215/Desktop/fpga-race/fpga-race/race/temp_projects/Main_Flow/Main_Flow.pds' (ADS Parser)
I: Flow-6004: Design file modified: "C:/Users/15215/Desktop/fpga-race/fpga-race/race/source/main.v". 
Parse module hierarchy of project 'C:/Users/15215/Desktop/fpga-race/fpga-race/race/temp_projects/Main_Flow/Main_Flow.pds' (ADS Parser)
I: Flow-6004: Design file modified: "C:/Users/15215/Desktop/fpga-race/fpga-race/race/source/main.v". 
Parse module hierarchy of project 'C:/Users/15215/Desktop/fpga-race/fpga-race/race/temp_projects/Main_Flow/Main_Flow.pds' (ADS Parser)
I: Flow-6004: Design file modified: "C:/Users/15215/Desktop/fpga-race/fpga-race/race/source/main.v". 
Parse module hierarchy of project 'C:/Users/15215/Desktop/fpga-race/fpga-race/race/temp_projects/Main_Flow/Main_Flow.pds' (ADS Parser)
I: Flow-6004: Design file modified: "C:/Users/15215/Desktop/fpga-race/fpga-race/race/source/main.v". 
Parse module hierarchy of project 'C:/Users/15215/Desktop/fpga-race/fpga-race/race/temp_projects/Main_Flow/Main_Flow.pds' (ADS Parser)
I: Flow-6004: Design file modified: "C:/Users/15215/Desktop/fpga-race/fpga-race/race/source/main.v". 
Parse module hierarchy of project 'C:/Users/15215/Desktop/fpga-race/fpga-race/race/temp_projects/Main_Flow/Main_Flow.pds' (ADS Parser)
I: Flow-6004: Design file modified: "C:/Users/15215/Desktop/fpga-race/fpga-race/race/source/main.v". 
Parse module hierarchy of project 'C:/Users/15215/Desktop/fpga-race/fpga-race/race/temp_projects/Main_Flow/Main_Flow.pds' (ADS Parser)
I: Flow-6004: Design file modified: "C:/Users/15215/Desktop/fpga-race/fpga-race/race/source/main.v". 
Parse module hierarchy of project 'C:/Users/15215/Desktop/fpga-race/fpga-race/race/temp_projects/Main_Flow/Main_Flow.pds' (ADS Parser)
I: Flow-6004: Design file modified: "C:/Users/15215/Desktop/fpga-race/fpga-race/race/source/main.v". 
Parse module hierarchy of project 'C:/Users/15215/Desktop/fpga-race/fpga-race/race/temp_projects/Main_Flow/Main_Flow.pds' (ADS Parser)
I: Flow-6004: Design file modified: "C:/Users/15215/Desktop/fpga-race/fpga-race/race/source/main.v". 
Parse module hierarchy of project 'C:/Users/15215/Desktop/fpga-race/fpga-race/race/temp_projects/Main_Flow/Main_Flow.pds' (ADS Parser)
I: Flow-6004: Design file modified: "C:/Users/15215/Desktop/fpga-race/fpga-race/race/source/main.v". 
Parse module hierarchy of project 'C:/Users/15215/Desktop/fpga-race/fpga-race/race/temp_projects/Main_Flow/Main_Flow.pds' (ADS Parser)
I: Flow-6004: Design file modified: "C:/Users/15215/Desktop/fpga-race/fpga-race/race/source/main.v". 
Parse module hierarchy of project 'C:/Users/15215/Desktop/fpga-race/fpga-race/race/temp_projects/Main_Flow/Main_Flow.pds' (ADS Parser)
I: Flow-6004: Design file modified: "C:/Users/15215/Desktop/fpga-race/fpga-race/race/source/main.v". 
Parse module hierarchy of project 'C:/Users/15215/Desktop/fpga-race/fpga-race/race/temp_projects/Main_Flow/Main_Flow.pds' (ADS Parser)
I: Flow-6004: Design file modified: "C:/Users/15215/Desktop/fpga-race/fpga-race/race/source/main.v". 
Parse module hierarchy of project 'C:/Users/15215/Desktop/fpga-race/fpga-race/race/temp_projects/Main_Flow/Main_Flow.pds' (ADS Parser)
I: Flow-6004: Design file modified: "C:/Users/15215/Desktop/fpga-race/fpga-race/race/source/main.v". 
Parse module hierarchy of project 'C:/Users/15215/Desktop/fpga-race/fpga-race/race/temp_projects/Main_Flow/Main_Flow.pds' (ADS Parser)
I: Flow-6004: Design file modified: "C:/Users/15215/Desktop/fpga-race/fpga-race/race/source/main.v". 
Parse module hierarchy of project 'C:/Users/15215/Desktop/fpga-race/fpga-race/race/temp_projects/Main_Flow/Main_Flow.pds' (ADS Parser)
I: Flow-6004: Design file modified: "C:/Users/15215/Desktop/fpga-race/fpga-race/race/source/main.v". 
Parse module hierarchy of project 'C:/Users/15215/Desktop/fpga-race/fpga-race/race/temp_projects/Main_Flow/Main_Flow.pds' (ADS Parser)
I: Flow-6004: Design file modified: "C:/Users/15215/Desktop/fpga-race/fpga-race/race/source/main.v". 
Parse module hierarchy of project 'C:/Users/15215/Desktop/fpga-race/fpga-race/race/temp_projects/Main_Flow/Main_Flow.pds' (ADS Parser)
I: Flow-6004: Design file modified: "C:/Users/15215/Desktop/fpga-race/fpga-race/race/source/main.v". 
Parse module hierarchy of project 'C:/Users/15215/Desktop/fpga-race/fpga-race/race/temp_projects/Main_Flow/Main_Flow.pds' (ADS Parser)
I: Flow-6004: Design file modified: "C:/Users/15215/Desktop/fpga-race/fpga-race/race/source/main.v". 
Parse module hierarchy of project 'C:/Users/15215/Desktop/fpga-race/fpga-race/race/temp_projects/Main_Flow/Main_Flow.pds' (ADS Parser)
I: Flow-6004: Design file modified: "C:/Users/15215/Desktop/fpga-race/fpga-race/race/source/main.v". 
Parse module hierarchy of project 'C:/Users/15215/Desktop/fpga-race/fpga-race/race/temp_projects/Main_Flow/Main_Flow.pds' (ADS Parser)
I: Flow-6004: Design file modified: "C:/Users/15215/Desktop/fpga-race/fpga-race/race/source/main.v". 
Parse module hierarchy of project 'C:/Users/15215/Desktop/fpga-race/fpga-race/race/temp_projects/Main_Flow/Main_Flow.pds' (ADS Parser)
I: Flow-6004: Design file modified: "C:/Users/15215/Desktop/fpga-race/fpga-race/race/source/main.v". 
Parse module hierarchy of project 'C:/Users/15215/Desktop/fpga-race/fpga-race/race/temp_projects/Main_Flow/Main_Flow.pds' (ADS Parser)
I: Flow-6004: Design file modified: "C:/Users/15215/Desktop/fpga-race/fpga-race/race/source/main.v". 
Parse module hierarchy of project 'C:/Users/15215/Desktop/fpga-race/fpga-race/race/temp_projects/Main_Flow/Main_Flow.pds' (ADS Parser)
I: Flow-6004: Design file modified: "C:/Users/15215/Desktop/fpga-race/fpga-race/race/source/main.v". 
Parse module hierarchy of project 'C:/Users/15215/Desktop/fpga-race/fpga-race/race/temp_projects/Main_Flow/Main_Flow.pds' (ADS Parser)
I: Flow-6004: Design file modified: "C:/Users/15215/Desktop/fpga-race/fpga-race/race/source/main.v". 
File "C:/Users/15215/Desktop/fpga-race/fpga-race/race/source/main.v" has been added to project successfully. 
Parse module hierarchy of project 'C:/Users/15215/Desktop/fpga-race/fpga-race/race/temp_projects/Main_Flow/Main_Flow.pds' (ADS Parser)
